<?xml version="1.0" encoding="UTF-8"?>
<coverage generated="1532030818179" clover="3.2.0">
  <project timestamp="1532030818179" name="All files">
    <metrics statements="98" coveredstatements="84" conditionals="38" coveredconditionals="28" methods="45" coveredmethods="33" elements="181" coveredelements="145" complexity="0" loc="98" ncloc="98" packages="23" files="25" classes="25">
      <package name="CallCenter-UI-React">
        <metrics statements="3" coveredstatements="3" conditionals="0" coveredconditionals="0" methods="0" coveredmethods="0"/>
        <file name="setupTests.js" path="C:\Users\camden.ko\Desktop\code\CallCenter-UI-React\setupTests.js">
          <metrics statements="3" coveredstatements="3" conditionals="0" coveredconditionals="0" methods="0" coveredmethods="0"/>
          <line num="1" count="13" type="stmt"/>
          <line num="2" count="13" type="stmt"/>
          <line num="4" count="13" type="stmt"/>
        </file>
      </package>
      <package name="CallCenter-UI-React.client">
        <metrics statements="1" coveredstatements="1" conditionals="2" coveredconditionals="2" methods="0" coveredmethods="0"/>
        <file name="environment.js" path="C:\Users\camden.ko\Desktop\code\CallCenter-UI-React\client\environment.js">
          <metrics statements="1" coveredstatements="1" conditionals="2" coveredconditionals="2" methods="0" coveredmethods="0"/>
          <line num="1" count="6" type="stmt"/>
        </file>
      </package>
      <package name="CallCenter-UI-React.client.components.Atoms">
        <metrics statements="0" coveredstatements="0" conditionals="0" coveredconditionals="0" methods="0" coveredmethods="0"/>
        <file name="index.js" path="C:\Users\camden.ko\Desktop\code\CallCenter-UI-React\client\components\Atoms\index.js">
          <metrics statements="0" coveredstatements="0" conditionals="0" coveredconditionals="0" methods="0" coveredmethods="0"/>
        </file>
      </package>
      <package name="CallCenter-UI-React.client.components.Atoms.CallWindow">
        <metrics statements="8" coveredstatements="6" conditionals="0" coveredconditionals="0" methods="5" coveredmethods="3"/>
        <file name="CallWindow.js" path="C:\Users\camden.ko\Desktop\code\CallCenter-UI-React\client\components\Atoms\CallWindow\CallWindow.js">
          <metrics statements="8" coveredstatements="6" conditionals="0" coveredconditionals="0" methods="5" coveredmethods="3"/>
          <line num="8" count="1" type="stmt"/>
          <line num="9" count="1" type="stmt"/>
          <line num="12" count="1" type="stmt"/>
          <line num="13" count="0" type="stmt"/>
          <line num="18" count="1" type="stmt"/>
          <line num="30" count="3" type="stmt"/>
          <line num="31" count="3" type="stmt"/>
          <line num="33" count="0" type="stmt"/>
        </file>
      </package>
      <package name="CallCenter-UI-React.client.components.Atoms.General">
        <metrics statements="0" coveredstatements="0" conditionals="0" coveredconditionals="0" methods="0" coveredmethods="0"/>
        <file name="index.js" path="C:\Users\camden.ko\Desktop\code\CallCenter-UI-React\client\components\Atoms\General\index.js">
          <metrics statements="0" coveredstatements="0" conditionals="0" coveredconditionals="0" methods="0" coveredmethods="0"/>
        </file>
      </package>
      <package name="CallCenter-UI-React.client.components.Atoms.General.ActionButton">
        <metrics statements="4" coveredstatements="4" conditionals="0" coveredconditionals="0" methods="4" coveredmethods="4"/>
        <file name="ActionButton.js" path="C:\Users\camden.ko\Desktop\code\CallCenter-UI-React\client\components\Atoms\General\ActionButton\ActionButton.js">
          <metrics statements="4" coveredstatements="4" conditionals="0" coveredconditionals="0" methods="4" coveredmethods="4"/>
          <line num="4" count="1" type="stmt"/>
          <line num="5" count="1" type="stmt"/>
          <line num="6" count="1" type="stmt"/>
          <line num="12" count="1" type="stmt"/>
        </file>
      </package>
      <package name="CallCenter-UI-React.client.components.Atoms.General.CardBackground">
        <metrics statements="0" coveredstatements="0" conditionals="0" coveredconditionals="0" methods="0" coveredmethods="0"/>
        <file name="CardBackground.js" path="C:\Users\camden.ko\Desktop\code\CallCenter-UI-React\client\components\Atoms\General\CardBackground\CardBackground.js">
          <metrics statements="0" coveredstatements="0" conditionals="0" coveredconditionals="0" methods="0" coveredmethods="0"/>
        </file>
      </package>
      <package name="CallCenter-UI-React.client.components.Atoms.General.Line">
        <metrics statements="1" coveredstatements="1" conditionals="0" coveredconditionals="0" methods="1" coveredmethods="1"/>
        <file name="Line.js" path="C:\Users\camden.ko\Desktop\code\CallCenter-UI-React\client\components\Atoms\General\Line\Line.js">
          <metrics statements="1" coveredstatements="1" conditionals="0" coveredconditionals="0" methods="1" coveredmethods="1"/>
          <line num="6" count="1" type="stmt"/>
        </file>
      </package>
      <package name="CallCenter-UI-React.client.components.Atoms.Typography">
        <metrics statements="0" coveredstatements="0" conditionals="0" coveredconditionals="0" methods="0" coveredmethods="0"/>
        <file name="index.js" path="C:\Users\camden.ko\Desktop\code\CallCenter-UI-React\client\components\Atoms\Typography\index.js">
          <metrics statements="0" coveredstatements="0" conditionals="0" coveredconditionals="0" methods="0" coveredmethods="0"/>
        </file>
      </package>
      <package name="CallCenter-UI-React.client.components.Atoms.Typography.CardBody">
        <metrics statements="0" coveredstatements="0" conditionals="0" coveredconditionals="0" methods="0" coveredmethods="0"/>
        <file name="CardBody.js" path="C:\Users\camden.ko\Desktop\code\CallCenter-UI-React\client\components\Atoms\Typography\CardBody\CardBody.js">
          <metrics statements="0" coveredstatements="0" conditionals="0" coveredconditionals="0" methods="0" coveredmethods="0"/>
        </file>
      </package>
      <package name="CallCenter-UI-React.client.components.Atoms.Typography.CardBodyBold">
        <metrics statements="0" coveredstatements="0" conditionals="0" coveredconditionals="0" methods="0" coveredmethods="0"/>
        <file name="CardBodyBold.js" path="C:\Users\camden.ko\Desktop\code\CallCenter-UI-React\client\components\Atoms\Typography\CardBodyBold\CardBodyBold.js">
          <metrics statements="0" coveredstatements="0" conditionals="0" coveredconditionals="0" methods="0" coveredmethods="0"/>
        </file>
      </package>
      <package name="CallCenter-UI-React.client.components.Atoms.Typography.CardHeader">
        <metrics statements="1" coveredstatements="1" conditionals="0" coveredconditionals="0" methods="1" coveredmethods="1"/>
        <file name="CardHeader.js" path="C:\Users\camden.ko\Desktop\code\CallCenter-UI-React\client\components\Atoms\Typography\CardHeader\CardHeader.js">
          <metrics statements="1" coveredstatements="1" conditionals="0" coveredconditionals="0" methods="1" coveredmethods="1"/>
          <line num="9" count="1" type="stmt"/>
        </file>
      </package>
      <package name="CallCenter-UI-React.client.components.Atoms.Typography.NavHeader">
        <metrics statements="1" coveredstatements="1" conditionals="0" coveredconditionals="0" methods="1" coveredmethods="1"/>
        <file name="NavHeader.js" path="C:\Users\camden.ko\Desktop\code\CallCenter-UI-React\client\components\Atoms\Typography\NavHeader\NavHeader.js">
          <metrics statements="1" coveredstatements="1" conditionals="0" coveredconditionals="0" methods="1" coveredmethods="1"/>
          <line num="4" count="1" type="stmt"/>
        </file>
      </package>
      <package name="CallCenter-UI-React.client.components.Atoms.Typography.NavOption">
        <metrics statements="7" coveredstatements="6" conditionals="2" coveredconditionals="1" methods="5" coveredmethods="4"/>
        <file name="NavOption.js" path="C:\Users\camden.ko\Desktop\code\CallCenter-UI-React\client\components\Atoms\Typography\NavOption\NavOption.js">
          <metrics statements="7" coveredstatements="6" conditionals="2" coveredconditionals="1" methods="5" coveredmethods="4"/>
          <line num="4" count="3" type="stmt"/>
          <line num="5" count="1" type="stmt"/>
          <line num="11" count="1" type="stmt"/>
          <line num="16" count="1" type="stmt"/>
          <line num="21" count="1" type="cond" truecount="1" falsecount="1"/>
          <line num="23" count="0" type="stmt"/>
          <line num="26" count="1" type="stmt"/>
        </file>
      </package>
      <package name="CallCenter-UI-React.client.components.Molecules">
        <metrics statements="0" coveredstatements="0" conditionals="0" coveredconditionals="0" methods="0" coveredmethods="0"/>
        <file name="index.js" path="C:\Users\camden.ko\Desktop\code\CallCenter-UI-React\client\components\Molecules\index.js">
          <metrics statements="0" coveredstatements="0" conditionals="0" coveredconditionals="0" methods="0" coveredmethods="0"/>
        </file>
      </package>
      <package name="CallCenter-UI-React.client.components.Molecules.Cards">
        <metrics statements="0" coveredstatements="0" conditionals="0" coveredconditionals="0" methods="0" coveredmethods="0"/>
        <file name="index.js" path="C:\Users\camden.ko\Desktop\code\CallCenter-UI-React\client\components\Molecules\Cards\index.js">
          <metrics statements="0" coveredstatements="0" conditionals="0" coveredconditionals="0" methods="0" coveredmethods="0"/>
        </file>
      </package>
      <package name="CallCenter-UI-React.client.components.Molecules.Cards.CardRow">
        <metrics statements="2" coveredstatements="2" conditionals="0" coveredconditionals="0" methods="1" coveredmethods="1"/>
        <file name="CardRow.js" path="C:\Users\camden.ko\Desktop\code\CallCenter-UI-React\client\components\Molecules\Cards\CardRow\CardRow.js">
          <metrics statements="2" coveredstatements="2" conditionals="0" coveredconditionals="0" methods="1" coveredmethods="1"/>
          <line num="9" count="2" type="stmt"/>
          <line num="17" count="6" type="stmt"/>
        </file>
      </package>
      <package name="CallCenter-UI-React.client.components.Molecules.Cards.CardRowCollection">
        <metrics statements="3" coveredstatements="3" conditionals="0" coveredconditionals="0" methods="2" coveredmethods="2"/>
        <file name="CardRowCollection.js" path="C:\Users\camden.ko\Desktop\code\CallCenter-UI-React\client\components\Molecules\Cards\CardRowCollection\CardRowCollection.js">
          <metrics statements="3" coveredstatements="3" conditionals="0" coveredconditionals="0" methods="2" coveredmethods="2"/>
          <line num="8" count="1" type="stmt"/>
          <line num="16" count="1" type="stmt"/>
          <line num="19" count="4" type="stmt"/>
        </file>
      </package>
      <package name="CallCenter-UI-React.client.components.Molecules.Cards.OrderInformation">
        <metrics statements="4" coveredstatements="2" conditionals="0" coveredconditionals="0" methods="2" coveredmethods="0"/>
        <file name="OrderInformation.js" path="C:\Users\camden.ko\Desktop\code\CallCenter-UI-React\client\components\Molecules\Cards\OrderInformation\OrderInformation.js">
          <metrics statements="4" coveredstatements="2" conditionals="0" coveredconditionals="0" methods="2" coveredmethods="0"/>
          <line num="12" count="1" type="stmt"/>
          <line num="16" count="1" type="stmt"/>
          <line num="17" count="0" type="stmt"/>
          <line num="22" count="0" type="stmt"/>
        </file>
      </package>
      <package name="CallCenter-UI-React.client.components.Molecules.NavBar">
        <metrics statements="0" coveredstatements="0" conditionals="0" coveredconditionals="0" methods="0" coveredmethods="0"/>
        <file name="index.js" path="C:\Users\camden.ko\Desktop\code\CallCenter-UI-React\client\components\Molecules\NavBar\index.js">
          <metrics statements="0" coveredstatements="0" conditionals="0" coveredconditionals="0" methods="0" coveredmethods="0"/>
        </file>
      </package>
      <package name="CallCenter-UI-React.client.components.Molecules.NavBar.NavBarOptions">
        <metrics statements="6" coveredstatements="2" conditionals="4" coveredconditionals="0" methods="4" coveredmethods="0"/>
        <file name="NavBarOptions.js" path="C:\Users\camden.ko\Desktop\code\CallCenter-UI-React\client\components\Molecules\NavBar\NavBarOptions\NavBarOptions.js">
          <metrics statements="6" coveredstatements="2" conditionals="4" coveredconditionals="0" methods="4" coveredmethods="0"/>
          <line num="11" count="1" type="stmt"/>
          <line num="19" count="1" type="stmt"/>
          <line num="20" count="0" type="stmt"/>
          <line num="22" count="0" type="stmt"/>
          <line num="27" count="0" type="stmt"/>
          <line num="36" count="0" type="stmt"/>
        </file>
      </package>
      <package name="CallCenter-UI-React.client.store">
        <metrics statements="5" coveredstatements="3" conditionals="2" coveredconditionals="1" methods="1" coveredmethods="0"/>
        <file name="index.js" path="C:\Users\camden.ko\Desktop\code\CallCenter-UI-React\client\store\index.js">
          <metrics statements="5" coveredstatements="3" conditionals="2" coveredconditionals="1" methods="1" coveredmethods="0"/>
          <line num="11" count="3" type="stmt"/>
          <line num="15" count="3" type="stmt"/>
          <line num="17" count="3" type="cond" truecount="1" falsecount="1"/>
          <line num="18" count="0" type="stmt"/>
          <line num="19" count="0" type="stmt"/>
        </file>
      </package>
      <package name="CallCenter-UI-React.client.store.reducers">
        <metrics statements="52" coveredstatements="49" conditionals="28" coveredconditionals="24" methods="18" coveredmethods="16"/>
        <file name="call.js" path="C:\Users\camden.ko\Desktop\code\CallCenter-UI-React\client\store\reducers\call.js">
          <metrics statements="9" coveredstatements="6" conditionals="0" coveredconditionals="0" methods="5" coveredmethods="3"/>
          <line num="8" count="4" type="stmt"/>
          <line num="9" count="1" type="stmt"/>
          <line num="10" count="1" type="stmt"/>
          <line num="11" count="1" type="stmt"/>
          <line num="14" count="4" type="stmt"/>
          <line num="15" count="1" type="stmt"/>
          <line num="16" count="0" type="stmt"/>
          <line num="24" count="0" type="stmt"/>
          <line num="25" count="0" type="stmt"/>
        </file>
        <file name="index.js" path="C:\Users\camden.ko\Desktop\code\CallCenter-UI-React\client\store\reducers\index.js">
          <metrics statements="0" coveredstatements="0" conditionals="0" coveredconditionals="0" methods="0" coveredmethods="0"/>
        </file>
        <file name="user.js" path="C:\Users\camden.ko\Desktop\code\CallCenter-UI-React\client\store\reducers\user.js">
          <metrics statements="43" coveredstatements="43" conditionals="28" coveredconditionals="24" methods="13" coveredmethods="13"/>
          <line num="4" count="4" type="stmt"/>
          <line num="5" count="4" type="stmt"/>
          <line num="7" count="4" type="stmt"/>
          <line num="8" count="4" type="stmt"/>
          <line num="10" count="4" type="stmt"/>
          <line num="11" count="2" type="stmt"/>
          <line num="12" count="2" type="stmt"/>
          <line num="13" count="2" type="stmt"/>
          <line num="14" count="1" type="stmt"/>
          <line num="16" count="1" type="stmt"/>
          <line num="20" count="4" type="stmt"/>
          <line num="26" count="4" type="stmt"/>
          <line num="27" count="5" type="cond" truecount="2" falsecount="0"/>
          <line num="28" count="1" type="stmt"/>
          <line num="30" count="4" type="stmt"/>
          <line num="31" count="4" type="stmt"/>
          <line num="32" count="4" type="stmt"/>
          <line num="33" count="87" type="cond" truecount="2" falsecount="0"/>
          <line num="34" count="30" type="cond" truecount="2" falsecount="0"/>
          <line num="35" count="27" type="cond" truecount="2" falsecount="1"/>
          <line num="36" count="4" type="stmt"/>
          <line num="37" count="30" type="cond" truecount="4" falsecount="0"/>
          <line num="38" count="3" type="stmt"/>
          <line num="39" count="3" type="stmt"/>
          <line num="40" count="3" type="stmt"/>
          <line num="41" count="3" type="stmt"/>
          <line num="43" count="27" type="stmt"/>
          <line num="46" count="4" type="stmt"/>
          <line num="47" count="4" type="stmt"/>
          <line num="50" count="4" type="stmt"/>
          <line num="51" count="1" type="stmt"/>
          <line num="52" count="1" type="stmt"/>
          <line num="54" count="1" type="stmt"/>
          <line num="55" count="1" type="stmt"/>
          <line num="56" count="1" type="cond" truecount="1" falsecount="1"/>
          <line num="57" count="1" type="cond" truecount="4" falsecount="1"/>
          <line num="61" count="1" type="stmt"/>
          <line num="63" count="1" type="cond" truecount="2" falsecount="0"/>
          <line num="64" count="1" type="stmt"/>
          <line num="68" count="12" type="cond" truecount="3" falsecount="0"/>
          <line num="70" count="1" type="cond" truecount="1" falsecount="1"/>
          <line num="74" count="1" type="stmt"/>
          <line num="78" count="10" type="stmt"/>
        </file>
      </package>
    </metrics>
  </project>
</coverage>
