{"C:\\Users\\camden.ko\\Desktop\\code\\CallCenter-UI-React\\setupTests.js": {"path":"C:\\Users\\camden.ko\\Desktop\\code\\CallCenter-UI-React\\setupTests.js","statementMap":{"0":{"start":{"line":1,"column":15},"end":{"line":1,"column":32}},"1":{"start":{"line":2,"column":22},"end":{"line":2,"column":56}},"2":{"start":{"line":4,"column":0},"end":{"line":4,"column":50}}},"fnMap":{},"branchMap":{},"s":{"0":13,"1":13,"2":13},"f":{},"b":{},"_coverageSchema":"332fd63041d2c1bcb487cc26dd0d5f7d97098a6c","hash":"2de41ef6718f100bb551a6ab5e9eaa0971d68f43"}
,"C:\\Users\\camden.ko\\Desktop\\code\\CallCenter-UI-React\\client\\environment.js": {"path":"C:\\Users\\camden.ko\\Desktop\\code\\CallCenter-UI-React\\client\\environment.js","statementMap":{"0":{"start":{"line":1,"column":12},"end":{"line":1,"column":50}}},"fnMap":{},"branchMap":{"0":{"loc":{"start":{"line":4,"column":11},"end":{"line":6,"column":53}},"type":"cond-expr","locations":[{"start":{"line":5,"column":4},"end":{"line":5,"column":57}},{"start":{"line":6,"column":4},"end":{"line":6,"column":53}}],"line":4}},"s":{"0":6},"f":{},"b":{"0":[1,5]},"_coverageSchema":"332fd63041d2c1bcb487cc26dd0d5f7d97098a6c","hash":"a29e62b2e3a3cd6e8537783d1b1577a2d6613cbe"}
,"C:\\Users\\camden.ko\\Desktop\\code\\CallCenter-UI-React\\client\\components\\Atoms\\index.js": {"path":"C:\\Users\\camden.ko\\Desktop\\code\\CallCenter-UI-React\\client\\components\\Atoms\\index.js","statementMap":{},"fnMap":{},"branchMap":{},"s":{},"f":{},"b":{},"_coverageSchema":"332fd63041d2c1bcb487cc26dd0d5f7d97098a6c","hash":"abecbdd521c83fd691084b93b35a25da60418198"}
,"C:\\Users\\camden.ko\\Desktop\\code\\CallCenter-UI-React\\client\\components\\Atoms\\CallWindow\\CallWindow.js": {"path":"C:\\Users\\camden.ko\\Desktop\\code\\CallCenter-UI-React\\client\\components\\Atoms\\CallWindow\\CallWindow.js","statementMap":{"0":{"start":{"line":8,"column":4},"end":{"line":8,"column":11}},"1":{"start":{"line":9,"column":4},"end":{"line":9,"column":36}},"2":{"start":{"line":12,"column":4},"end":{"line":14,"column":9}},"3":{"start":{"line":13,"column":6},"end":{"line":13,"column":46}},"4":{"start":{"line":18,"column":4},"end":{"line":26,"column":7}},"5":{"start":{"line":30,"column":17},"end":{"line":30,"column":21}},"6":{"start":{"line":31,"column":20},"end":{"line":35,"column":2}},"7":{"start":{"line":31,"column":33},"end":{"line":35,"column":1}},"8":{"start":{"line":33,"column":4},"end":{"line":33,"column":38}}},"fnMap":{"0":{"name":"(anonymous_0)","decl":{"start":{"line":7,"column":2},"end":{"line":7,"column":3}},"loc":{"start":{"line":7,"column":16},"end":{"line":10,"column":3}},"line":7},"1":{"name":"(anonymous_1)","decl":{"start":{"line":11,"column":2},"end":{"line":11,"column":3}},"loc":{"start":{"line":11,"column":22},"end":{"line":15,"column":3}},"line":11},"2":{"name":"(anonymous_2)","decl":{"start":{"line":12,"column":15},"end":{"line":12,"column":16}},"loc":{"start":{"line":12,"column":21},"end":{"line":14,"column":5}},"line":12},"3":{"name":"(anonymous_3)","decl":{"start":{"line":17,"column":2},"end":{"line":17,"column":3}},"loc":{"start":{"line":17,"column":11},"end":{"line":27,"column":3}},"line":17},"4":{"name":"(anonymous_4)","decl":{"start":{"line":31,"column":20},"end":{"line":31,"column":21}},"loc":{"start":{"line":31,"column":33},"end":{"line":35,"column":1}},"line":31}},"branchMap":{},"s":{"0":1,"1":1,"2":1,"3":0,"4":1,"5":3,"6":3,"7":0,"8":0},"f":{"0":1,"1":1,"2":0,"3":1,"4":0},"b":{},"_coverageSchema":"332fd63041d2c1bcb487cc26dd0d5f7d97098a6c","hash":"d29e170cd16a5dd7e46f9fd6f40c4d08c2d69f9b"}
,"C:\\Users\\camden.ko\\Desktop\\code\\CallCenter-UI-React\\client\\components\\Atoms\\General\\index.js": {"path":"C:\\Users\\camden.ko\\Desktop\\code\\CallCenter-UI-React\\client\\components\\Atoms\\General\\index.js","statementMap":{},"fnMap":{},"branchMap":{},"s":{},"f":{},"b":{},"_coverageSchema":"332fd63041d2c1bcb487cc26dd0d5f7d97098a6c","hash":"d091bf047dda1bdaceea7ab2ffae00f7fb5d0c3a"}
,"C:\\Users\\camden.ko\\Desktop\\code\\CallCenter-UI-React\\client\\components\\Atoms\\General\\ActionButton\\ActionButton.js": {"path":"C:\\Users\\camden.ko\\Desktop\\code\\CallCenter-UI-React\\client\\components\\Atoms\\General\\ActionButton\\ActionButton.js","statementMap":{"0":{"start":{"line":4,"column":32},"end":{"line":4,"column":52}},"1":{"start":{"line":5,"column":37},"end":{"line":5,"column":54}},"2":{"start":{"line":6,"column":37},"end":{"line":6,"column":54}},"3":{"start":{"line":12,"column":28},"end":{"line":12,"column":45}}},"fnMap":{"0":{"name":"(anonymous_0)","decl":{"start":{"line":4,"column":17},"end":{"line":4,"column":18}},"loc":{"start":{"line":4,"column":32},"end":{"line":4,"column":52}},"line":4},"1":{"name":"(anonymous_1)","decl":{"start":{"line":5,"column":22},"end":{"line":5,"column":23}},"loc":{"start":{"line":5,"column":37},"end":{"line":5,"column":54}},"line":5},"2":{"name":"(anonymous_2)","decl":{"start":{"line":6,"column":22},"end":{"line":6,"column":23}},"loc":{"start":{"line":6,"column":37},"end":{"line":6,"column":54}},"line":6},"3":{"name":"(anonymous_3)","decl":{"start":{"line":12,"column":13},"end":{"line":12,"column":14}},"loc":{"start":{"line":12,"column":28},"end":{"line":12,"column":45}},"line":12}},"branchMap":{},"s":{"0":1,"1":1,"2":1,"3":1},"f":{"0":1,"1":1,"2":1,"3":1},"b":{},"_coverageSchema":"332fd63041d2c1bcb487cc26dd0d5f7d97098a6c","hash":"92eee107c0b4c7c9a07e1d0181a6b8ad4ca7023d"}
,"C:\\Users\\camden.ko\\Desktop\\code\\CallCenter-UI-React\\client\\components\\Atoms\\General\\CardBackground\\CardBackground.js": {"path":"C:\\Users\\camden.ko\\Desktop\\code\\CallCenter-UI-React\\client\\components\\Atoms\\General\\CardBackground\\CardBackground.js","statementMap":{},"fnMap":{},"branchMap":{},"s":{},"f":{},"b":{},"_coverageSchema":"332fd63041d2c1bcb487cc26dd0d5f7d97098a6c","hash":"80cb4ffc88de10a713d629a68c89f043c793c0aa"}
,"C:\\Users\\camden.ko\\Desktop\\code\\CallCenter-UI-React\\client\\components\\Atoms\\General\\Line\\Line.js": {"path":"C:\\Users\\camden.ko\\Desktop\\code\\CallCenter-UI-React\\client\\components\\Atoms\\General\\Line\\Line.js","statementMap":{"0":{"start":{"line":6,"column":32},"end":{"line":6,"column":57}}},"fnMap":{"0":{"name":"(anonymous_0)","decl":{"start":{"line":6,"column":24},"end":{"line":6,"column":25}},"loc":{"start":{"line":6,"column":32},"end":{"line":6,"column":57}},"line":6}},"branchMap":{},"s":{"0":1},"f":{"0":1},"b":{},"_coverageSchema":"332fd63041d2c1bcb487cc26dd0d5f7d97098a6c","hash":"3d928ee4f8decab9900b2f0b6269e3012798a498"}
,"C:\\Users\\camden.ko\\Desktop\\code\\CallCenter-UI-React\\client\\components\\Atoms\\Typography\\index.js": {"path":"C:\\Users\\camden.ko\\Desktop\\code\\CallCenter-UI-React\\client\\components\\Atoms\\Typography\\index.js","statementMap":{},"fnMap":{},"branchMap":{},"s":{},"f":{},"b":{},"_coverageSchema":"332fd63041d2c1bcb487cc26dd0d5f7d97098a6c","hash":"134dd756e189ddce7f3440dd49abbd4e2a9c7963"}
,"C:\\Users\\camden.ko\\Desktop\\code\\CallCenter-UI-React\\client\\components\\Atoms\\Typography\\CardBody\\CardBody.js": {"path":"C:\\Users\\camden.ko\\Desktop\\code\\CallCenter-UI-React\\client\\components\\Atoms\\Typography\\CardBody\\CardBody.js","statementMap":{},"fnMap":{},"branchMap":{},"s":{},"f":{},"b":{},"_coverageSchema":"332fd63041d2c1bcb487cc26dd0d5f7d97098a6c","hash":"71262c2c844f47aa10d2f266111e8381b34e2c8a"}
,"C:\\Users\\camden.ko\\Desktop\\code\\CallCenter-UI-React\\client\\components\\Atoms\\Typography\\CardBodyBold\\CardBodyBold.js": {"path":"C:\\Users\\camden.ko\\Desktop\\code\\CallCenter-UI-React\\client\\components\\Atoms\\Typography\\CardBodyBold\\CardBodyBold.js","statementMap":{},"fnMap":{},"branchMap":{},"s":{},"f":{},"b":{},"_coverageSchema":"332fd63041d2c1bcb487cc26dd0d5f7d97098a6c","hash":"c0be203f96f59767b4fc4fcd2e92db232e7e0b82"}
,"C:\\Users\\camden.ko\\Desktop\\code\\CallCenter-UI-React\\client\\components\\Atoms\\Typography\\CardHeader\\CardHeader.js": {"path":"C:\\Users\\camden.ko\\Desktop\\code\\CallCenter-UI-React\\client\\components\\Atoms\\Typography\\CardHeader\\CardHeader.js","statementMap":{"0":{"start":{"line":9,"column":20},"end":{"line":9,"column":46}}},"fnMap":{"0":{"name":"(anonymous_0)","decl":{"start":{"line":9,"column":11},"end":{"line":9,"column":12}},"loc":{"start":{"line":9,"column":20},"end":{"line":9,"column":46}},"line":9}},"branchMap":{},"s":{"0":1},"f":{"0":1},"b":{},"_coverageSchema":"332fd63041d2c1bcb487cc26dd0d5f7d97098a6c","hash":"5ddbea68c5d8b6192130992de711e1ae601937e9"}
,"C:\\Users\\camden.ko\\Desktop\\code\\CallCenter-UI-React\\client\\components\\Atoms\\Typography\\NavHeader\\NavHeader.js": {"path":"C:\\Users\\camden.ko\\Desktop\\code\\CallCenter-UI-React\\client\\components\\Atoms\\Typography\\NavHeader\\NavHeader.js","statementMap":{"0":{"start":{"line":4,"column":20},"end":{"line":4,"column":43}}},"fnMap":{"0":{"name":"(anonymous_0)","decl":{"start":{"line":4,"column":11},"end":{"line":4,"column":12}},"loc":{"start":{"line":4,"column":20},"end":{"line":4,"column":43}},"line":4}},"branchMap":{},"s":{"0":1},"f":{"0":1},"b":{},"_coverageSchema":"332fd63041d2c1bcb487cc26dd0d5f7d97098a6c","hash":"b194b1f2daf06ce102dd8e4a03895ef9b335d874"}
,"C:\\Users\\camden.ko\\Desktop\\code\\CallCenter-UI-React\\client\\components\\Atoms\\Typography\\NavOption\\NavOption.js": {"path":"C:\\Users\\camden.ko\\Desktop\\code\\CallCenter-UI-React\\client\\components\\Atoms\\Typography\\NavOption\\NavOption.js","statementMap":{"0":{"start":{"line":4,"column":22},"end":{"line":18,"column":1}},"1":{"start":{"line":5,"column":26},"end":{"line":5,"column":52}},"2":{"start":{"line":11,"column":30},"end":{"line":11,"column":50}},"3":{"start":{"line":16,"column":32},"end":{"line":16,"column":58}},"4":{"start":{"line":21,"column":24},"end":{"line":25,"column":10}},"5":{"start":{"line":23,"column":34},"end":{"line":23,"column":60}},"6":{"start":{"line":26,"column":2},"end":{"line":30,"column":3}}},"fnMap":{"0":{"name":"(anonymous_0)","decl":{"start":{"line":5,"column":17},"end":{"line":5,"column":18}},"loc":{"start":{"line":5,"column":26},"end":{"line":5,"column":52}},"line":5},"1":{"name":"(anonymous_1)","decl":{"start":{"line":11,"column":22},"end":{"line":11,"column":23}},"loc":{"start":{"line":11,"column":30},"end":{"line":11,"column":50}},"line":11},"2":{"name":"(anonymous_2)","decl":{"start":{"line":16,"column":24},"end":{"line":16,"column":25}},"loc":{"start":{"line":16,"column":32},"end":{"line":16,"column":58}},"line":16},"3":{"name":"(anonymous_3)","decl":{"start":{"line":20,"column":15},"end":{"line":20,"column":16}},"loc":{"start":{"line":20,"column":26},"end":{"line":31,"column":1}},"line":20},"4":{"name":"(anonymous_4)","decl":{"start":{"line":23,"column":26},"end":{"line":23,"column":27}},"loc":{"start":{"line":23,"column":34},"end":{"line":23,"column":60}},"line":23}},"branchMap":{"0":{"loc":{"start":{"line":21,"column":24},"end":{"line":25,"column":10}},"type":"cond-expr","locations":[{"start":{"line":22,"column":4},"end":{"line":24,"column":5}},{"start":{"line":25,"column":4},"end":{"line":25,"column":10}}],"line":21}},"s":{"0":3,"1":1,"2":1,"3":1,"4":1,"5":0,"6":1},"f":{"0":1,"1":1,"2":1,"3":1,"4":0},"b":{"0":[0,1]},"_coverageSchema":"332fd63041d2c1bcb487cc26dd0d5f7d97098a6c","hash":"fc55d9f38361c4ddf76160e9b361676b8a7349da"}
,"C:\\Users\\camden.ko\\Desktop\\code\\CallCenter-UI-React\\client\\components\\Molecules\\index.js": {"path":"C:\\Users\\camden.ko\\Desktop\\code\\CallCenter-UI-React\\client\\components\\Molecules\\index.js","statementMap":{},"fnMap":{},"branchMap":{},"s":{},"f":{},"b":{},"_coverageSchema":"332fd63041d2c1bcb487cc26dd0d5f7d97098a6c","hash":"34fa371e4393dbc1cec7d65b3967bda8e59173dc"}
,"C:\\Users\\camden.ko\\Desktop\\code\\CallCenter-UI-React\\client\\components\\Molecules\\Cards\\index.js": {"path":"C:\\Users\\camden.ko\\Desktop\\code\\CallCenter-UI-React\\client\\components\\Molecules\\Cards\\index.js","statementMap":{},"fnMap":{},"branchMap":{},"s":{},"f":{},"b":{},"_coverageSchema":"332fd63041d2c1bcb487cc26dd0d5f7d97098a6c","hash":"e9722e53887465beeab2d11411555ca6a3ee1a33"}
,"C:\\Users\\camden.ko\\Desktop\\code\\CallCenter-UI-React\\client\\components\\Molecules\\Cards\\CardRow\\CardRow.js": {"path":"C:\\Users\\camden.ko\\Desktop\\code\\CallCenter-UI-React\\client\\components\\Molecules\\Cards\\CardRow\\CardRow.js","statementMap":{"0":{"start":{"line":9,"column":12},"end":{"line":14,"column":1}},"1":{"start":{"line":17,"column":2},"end":{"line":20,"column":8}}},"fnMap":{"0":{"name":"(anonymous_0)","decl":{"start":{"line":16,"column":15},"end":{"line":16,"column":16}},"loc":{"start":{"line":17,"column":2},"end":{"line":20,"column":8}},"line":17}},"branchMap":{},"s":{"0":2,"1":6},"f":{"0":6},"b":{},"_coverageSchema":"332fd63041d2c1bcb487cc26dd0d5f7d97098a6c","hash":"d2e0855d12513013206fdc55ed6ba6ef848dca96"}
,"C:\\Users\\camden.ko\\Desktop\\code\\CallCenter-UI-React\\client\\components\\Molecules\\Cards\\CardRowCollection\\CardRowCollection.js": {"path":"C:\\Users\\camden.ko\\Desktop\\code\\CallCenter-UI-React\\client\\components\\Molecules\\Cards\\CardRowCollection\\CardRowCollection.js","statementMap":{"0":{"start":{"line":8,"column":16},"end":{"line":13,"column":1}},"1":{"start":{"line":16,"column":2},"end":{"line":22,"column":12}},"2":{"start":{"line":19,"column":8},"end":{"line":19,"column":74}}},"fnMap":{"0":{"name":"(anonymous_0)","decl":{"start":{"line":15,"column":15},"end":{"line":15,"column":16}},"loc":{"start":{"line":16,"column":2},"end":{"line":22,"column":12}},"line":16},"1":{"name":"(anonymous_1)","decl":{"start":{"line":18,"column":28},"end":{"line":18,"column":29}},"loc":{"start":{"line":19,"column":8},"end":{"line":19,"column":74}},"line":19}},"branchMap":{},"s":{"0":1,"1":1,"2":4},"f":{"0":1,"1":4},"b":{},"_coverageSchema":"332fd63041d2c1bcb487cc26dd0d5f7d97098a6c","hash":"72daca6d5fbf444f4fb94b962712dfd9b85a0f06"}
,"C:\\Users\\camden.ko\\Desktop\\code\\CallCenter-UI-React\\client\\components\\Molecules\\Cards\\OrderInformation\\OrderInformation.js": {"path":"C:\\Users\\camden.ko\\Desktop\\code\\CallCenter-UI-React\\client\\components\\Molecules\\Cards\\OrderInformation\\OrderInformation.js","statementMap":{"0":{"start":{"line":12,"column":15},"end":{"line":14,"column":1}},"1":{"start":{"line":16,"column":17},"end":{"line":19,"column":1}},"2":{"start":{"line":17,"column":26},"end":{"line":17,"column":43}},"3":{"start":{"line":22,"column":2},"end":{"line":31,"column":11}}},"fnMap":{"0":{"name":"(anonymous_0)","decl":{"start":{"line":17,"column":11},"end":{"line":17,"column":12}},"loc":{"start":{"line":17,"column":26},"end":{"line":17,"column":43}},"line":17},"1":{"name":"(anonymous_1)","decl":{"start":{"line":21,"column":15},"end":{"line":21,"column":16}},"loc":{"start":{"line":22,"column":2},"end":{"line":31,"column":11}},"line":22}},"branchMap":{},"s":{"0":1,"1":1,"2":0,"3":0},"f":{"0":0,"1":0},"b":{},"_coverageSchema":"332fd63041d2c1bcb487cc26dd0d5f7d97098a6c","hash":"a576a6e64250e05d332df9c778ca450a65161ac0"}
,"C:\\Users\\camden.ko\\Desktop\\code\\CallCenter-UI-React\\client\\components\\Molecules\\NavBar\\index.js": {"path":"C:\\Users\\camden.ko\\Desktop\\code\\CallCenter-UI-React\\client\\components\\Molecules\\NavBar\\index.js","statementMap":{},"fnMap":{},"branchMap":{},"s":{},"f":{},"b":{},"_coverageSchema":"332fd63041d2c1bcb487cc26dd0d5f7d97098a6c","hash":"6c0835223cea3b7f828a32bb188a5180500fd766"}
,"C:\\Users\\camden.ko\\Desktop\\code\\CallCenter-UI-React\\client\\components\\Molecules\\NavBar\\NavBarOptions\\NavBarOptions.js": {"path":"C:\\Users\\camden.ko\\Desktop\\code\\CallCenter-UI-React\\client\\components\\Molecules\\NavBar\\NavBarOptions\\NavBarOptions.js","statementMap":{"0":{"start":{"line":11,"column":27},"end":{"line":17,"column":1}},"1":{"start":{"line":19,"column":24},"end":{"line":24,"column":1}},"2":{"start":{"line":20,"column":37},"end":{"line":20,"column":54}},"3":{"start":{"line":22,"column":39},"end":{"line":22,"column":54}},"4":{"start":{"line":27,"column":2},"end":{"line":54,"column":23}},"5":{"start":{"line":36,"column":8},"end":{"line":51,"column":20}}},"fnMap":{"0":{"name":"(anonymous_0)","decl":{"start":{"line":20,"column":22},"end":{"line":20,"column":23}},"loc":{"start":{"line":20,"column":37},"end":{"line":20,"column":54}},"line":20},"1":{"name":"(anonymous_1)","decl":{"start":{"line":22,"column":24},"end":{"line":22,"column":25}},"loc":{"start":{"line":22,"column":39},"end":{"line":22,"column":54}},"line":22},"2":{"name":"(anonymous_2)","decl":{"start":{"line":26,"column":15},"end":{"line":26,"column":16}},"loc":{"start":{"line":27,"column":2},"end":{"line":54,"column":23}},"line":27},"3":{"name":"(anonymous_3)","decl":{"start":{"line":35,"column":41},"end":{"line":35,"column":42}},"loc":{"start":{"line":36,"column":8},"end":{"line":51,"column":20}},"line":36}},"branchMap":{"0":{"loc":{"start":{"line":35,"column":6},"end":{"line":52,"column":8}},"type":"binary-expr","locations":[{"start":{"line":35,"column":6},"end":{"line":35,"column":19}},{"start":{"line":35,"column":23},"end":{"line":52,"column":8}}],"line":35},"1":{"loc":{"start":{"line":42,"column":12},"end":{"line":48,"column":13}},"type":"binary-expr","locations":[{"start":{"line":42,"column":12},"end":{"line":42,"column":21}},{"start":{"line":43,"column":14},"end":{"line":47,"column":31}}],"line":42}},"s":{"0":1,"1":1,"2":0,"3":0,"4":0,"5":0},"f":{"0":0,"1":0,"2":0,"3":0},"b":{"0":[0,0],"1":[0,0]},"_coverageSchema":"332fd63041d2c1bcb487cc26dd0d5f7d97098a6c","hash":"52f7237fc248f44eefda0a8c9200b2c31e876a50"}
,"C:\\Users\\camden.ko\\Desktop\\code\\CallCenter-UI-React\\client\\store\\index.js": {"path":"C:\\Users\\camden.ko\\Desktop\\code\\CallCenter-UI-React\\client\\store\\index.js","statementMap":{"0":{"start":{"line":11,"column":19},"end":{"line":14,"column":2}},"1":{"start":{"line":15,"column":14},"end":{"line":15,"column":46}},"2":{"start":{"line":17,"column":0},"end":{"line":21,"column":1}},"3":{"start":{"line":18,"column":2},"end":{"line":20,"column":4}},"4":{"start":{"line":19,"column":4},"end":{"line":19,"column":47}}},"fnMap":{"0":{"name":"(anonymous_0)","decl":{"start":{"line":18,"column":34},"end":{"line":18,"column":35}},"loc":{"start":{"line":18,"column":40},"end":{"line":20,"column":3}},"line":18}},"branchMap":{"0":{"loc":{"start":{"line":17,"column":0},"end":{"line":21,"column":1}},"type":"if","locations":[{"start":{"line":17,"column":0},"end":{"line":21,"column":1}},{"start":{"line":17,"column":0},"end":{"line":21,"column":1}}],"line":17}},"s":{"0":3,"1":3,"2":3,"3":0,"4":0},"f":{"0":0},"b":{"0":[0,3]},"_coverageSchema":"332fd63041d2c1bcb487cc26dd0d5f7d97098a6c","hash":"42f5f3876e048d71ac2887aa95a44d9209a9c816"}
,"C:\\Users\\camden.ko\\Desktop\\code\\CallCenter-UI-React\\client\\store\\reducers\\call.js": {"path":"C:\\Users\\camden.ko\\Desktop\\code\\CallCenter-UI-React\\client\\store\\reducers\\call.js","statementMap":{"0":{"start":{"line":8,"column":31},"end":{"line":12,"column":3}},"1":{"start":{"line":9,"column":2},"end":{"line":12,"column":3}},"2":{"start":{"line":10,"column":24},"end":{"line":10,"column":54}},"3":{"start":{"line":11,"column":4},"end":{"line":11,"column":35}},"4":{"start":{"line":14,"column":23},"end":{"line":27,"column":3}},"5":{"start":{"line":15,"column":2},"end":{"line":27,"column":3}},"6":{"start":{"line":16,"column":4},"end":{"line":23,"column":6}},"7":{"start":{"line":24,"column":4},"end":{"line":26,"column":6}},"8":{"start":{"line":25,"column":6},"end":{"line":25,"column":40}}},"fnMap":{"0":{"name":"(anonymous_0)","decl":{"start":{"line":8,"column":31},"end":{"line":8,"column":32}},"loc":{"start":{"line":9,"column":2},"end":{"line":12,"column":3}},"line":9},"1":{"name":"(anonymous_1)","decl":{"start":{"line":9,"column":2},"end":{"line":9,"column":3}},"loc":{"start":{"line":9,"column":16},"end":{"line":12,"column":3}},"line":9},"2":{"name":"(anonymous_2)","decl":{"start":{"line":14,"column":23},"end":{"line":14,"column":24}},"loc":{"start":{"line":15,"column":2},"end":{"line":27,"column":3}},"line":15},"3":{"name":"(anonymous_3)","decl":{"start":{"line":15,"column":2},"end":{"line":15,"column":3}},"loc":{"start":{"line":15,"column":16},"end":{"line":27,"column":3}},"line":15},"4":{"name":"(anonymous_4)","decl":{"start":{"line":24,"column":20},"end":{"line":24,"column":21}},"loc":{"start":{"line":24,"column":33},"end":{"line":26,"column":5}},"line":24}},"branchMap":{},"s":{"0":4,"1":1,"2":1,"3":1,"4":4,"5":1,"6":0,"7":0,"8":0},"f":{"0":1,"1":1,"2":1,"3":0,"4":0},"b":{},"_coverageSchema":"332fd63041d2c1bcb487cc26dd0d5f7d97098a6c","hash":"85cb30806c13f11d79fb2070b6995bae3dc09e19"}
,"C:\\Users\\camden.ko\\Desktop\\code\\CallCenter-UI-React\\client\\store\\reducers\\index.js": {"path":"C:\\Users\\camden.ko\\Desktop\\code\\CallCenter-UI-React\\client\\store\\reducers\\index.js","statementMap":{},"fnMap":{},"branchMap":{},"s":{},"f":{},"b":{},"_coverageSchema":"332fd63041d2c1bcb487cc26dd0d5f7d97098a6c","hash":"0df976dcd0834498e7768fd12520fdcff80b4473"}
,"C:\\Users\\camden.ko\\Desktop\\code\\CallCenter-UI-React\\client\\store\\reducers\\user.js": {"path":"C:\\Users\\camden.ko\\Desktop\\code\\CallCenter-UI-React\\client\\store\\reducers\\user.js","statementMap":{"0":{"start":{"line":4,"column":25},"end":{"line":4,"column":36}},"1":{"start":{"line":5,"column":26},"end":{"line":5,"column":38}},"2":{"start":{"line":7,"column":24},"end":{"line":7,"column":59}},"3":{"start":{"line":7,"column":33},"end":{"line":7,"column":58}},"4":{"start":{"line":8,"column":25},"end":{"line":8,"column":63}},"5":{"start":{"line":8,"column":35},"end":{"line":8,"column":62}},"6":{"start":{"line":10,"column":23},"end":{"line":18,"column":3}},"7":{"start":{"line":11,"column":2},"end":{"line":18,"column":3}},"8":{"start":{"line":12,"column":4},"end":{"line":17,"column":5}},"9":{"start":{"line":13,"column":19},"end":{"line":13,"column":75}},"10":{"start":{"line":14,"column":6},"end":{"line":14,"column":35}},"11":{"start":{"line":16,"column":6},"end":{"line":16,"column":32}},"12":{"start":{"line":20,"column":21},"end":{"line":24,"column":1}},"13":{"start":{"line":26,"column":24},"end":{"line":48,"column":1}},"14":{"start":{"line":27,"column":2},"end":{"line":29,"column":3}},"15":{"start":{"line":28,"column":4},"end":{"line":28,"column":13}},"16":{"start":{"line":30,"column":15},"end":{"line":30,"column":30}},"17":{"start":{"line":31,"column":16},"end":{"line":31,"column":17}},"18":{"start":{"line":32,"column":12},"end":{"line":32,"column":23}},"19":{"start":{"line":33,"column":16},"end":{"line":33,"column":85}},"20":{"start":{"line":33,"column":24},"end":{"line":33,"column":85}},"21":{"start":{"line":34,"column":17},"end":{"line":34,"column":60}},"22":{"start":{"line":34,"column":33},"end":{"line":34,"column":60}},"23":{"start":{"line":35,"column":17},"end":{"line":35,"column":81}},"24":{"start":{"line":35,"column":39},"end":{"line":35,"column":81}},"25":{"start":{"line":36,"column":2},"end":{"line":45,"column":3}},"26":{"start":{"line":37,"column":4},"end":{"line":44,"column":5}},"27":{"start":{"line":38,"column":6},"end":{"line":38,"column":57}},"28":{"start":{"line":39,"column":6},"end":{"line":39,"column":38}},"29":{"start":{"line":40,"column":6},"end":{"line":40,"column":14}},"30":{"start":{"line":41,"column":6},"end":{"line":41,"column":18}},"31":{"start":{"line":43,"column":6},"end":{"line":43,"column":18}},"32":{"start":{"line":46,"column":2},"end":{"line":46,"column":33}},"33":{"start":{"line":47,"column":2},"end":{"line":47,"column":22}},"34":{"start":{"line":50,"column":33},"end":{"line":65,"column":1}},"35":{"start":{"line":51,"column":17},"end":{"line":51,"column":48}},"36":{"start":{"line":52,"column":2},"end":{"line":64,"column":55}},"37":{"start":{"line":54,"column":23},"end":{"line":54,"column":25}},"38":{"start":{"line":55,"column":6},"end":{"line":55,"column":40}},"39":{"start":{"line":56,"column":6},"end":{"line":60,"column":7}},"40":{"start":{"line":57,"column":8},"end":{"line":59,"column":18}},"41":{"start":{"line":61,"column":6},"end":{"line":61,"column":21}},"42":{"start":{"line":63,"column":21},"end":{"line":63,"column":70}},"43":{"start":{"line":64,"column":17},"end":{"line":64,"column":53}},"44":{"start":{"line":68,"column":2},"end":{"line":79,"column":3}},"45":{"start":{"line":70,"column":6},"end":{"line":72,"column":38}},"46":{"start":{"line":74,"column":6},"end":{"line":76,"column":8}},"47":{"start":{"line":78,"column":6},"end":{"line":78,"column":18}}},"fnMap":{"0":{"name":"(anonymous_0)","decl":{"start":{"line":7,"column":24},"end":{"line":7,"column":25}},"loc":{"start":{"line":7,"column":33},"end":{"line":7,"column":58}},"line":7},"1":{"name":"(anonymous_1)","decl":{"start":{"line":8,"column":25},"end":{"line":8,"column":26}},"loc":{"start":{"line":8,"column":35},"end":{"line":8,"column":62}},"line":8},"2":{"name":"(anonymous_2)","decl":{"start":{"line":10,"column":23},"end":{"line":10,"column":24}},"loc":{"start":{"line":11,"column":2},"end":{"line":18,"column":3}},"line":11},"3":{"name":"(anonymous_3)","decl":{"start":{"line":11,"column":2},"end":{"line":11,"column":3}},"loc":{"start":{"line":11,"column":22},"end":{"line":18,"column":3}},"line":11},"4":{"name":"(anonymous_4)","decl":{"start":{"line":26,"column":24},"end":{"line":26,"column":25}},"loc":{"start":{"line":26,"column":35},"end":{"line":48,"column":1}},"line":26},"5":{"name":"(anonymous_5)","decl":{"start":{"line":33,"column":16},"end":{"line":33,"column":17}},"loc":{"start":{"line":33,"column":24},"end":{"line":33,"column":85}},"line":33},"6":{"name":"(anonymous_6)","decl":{"start":{"line":34,"column":17},"end":{"line":34,"column":18}},"loc":{"start":{"line":34,"column":33},"end":{"line":34,"column":60}},"line":34},"7":{"name":"(anonymous_7)","decl":{"start":{"line":35,"column":17},"end":{"line":35,"column":18}},"loc":{"start":{"line":35,"column":39},"end":{"line":35,"column":81}},"line":35},"8":{"name":"(anonymous_8)","decl":{"start":{"line":50,"column":33},"end":{"line":50,"column":34}},"loc":{"start":{"line":50,"column":50},"end":{"line":65,"column":1}},"line":50},"9":{"name":"(anonymous_9)","decl":{"start":{"line":53,"column":9},"end":{"line":53,"column":10}},"loc":{"start":{"line":53,"column":18},"end":{"line":62,"column":5}},"line":53},"10":{"name":"(anonymous_10)","decl":{"start":{"line":63,"column":12},"end":{"line":63,"column":13}},"loc":{"start":{"line":63,"column":21},"end":{"line":63,"column":70}},"line":63},"11":{"name":"(anonymous_11)","decl":{"start":{"line":64,"column":9},"end":{"line":64,"column":10}},"loc":{"start":{"line":64,"column":17},"end":{"line":64,"column":53}},"line":64},"12":{"name":"(anonymous_12)","decl":{"start":{"line":67,"column":15},"end":{"line":67,"column":16}},"loc":{"start":{"line":67,"column":49},"end":{"line":80,"column":1}},"line":67}},"branchMap":{"0":{"loc":{"start":{"line":27,"column":2},"end":{"line":29,"column":3}},"type":"if","locations":[{"start":{"line":27,"column":2},"end":{"line":29,"column":3}},{"start":{"line":27,"column":2},"end":{"line":29,"column":3}}],"line":27},"1":{"loc":{"start":{"line":33,"column":24},"end":{"line":33,"column":85}},"type":"binary-expr","locations":[{"start":{"line":33,"column":24},"end":{"line":33,"column":42}},{"start":{"line":33,"column":46},"end":{"line":33,"column":85}}],"line":33},"2":{"loc":{"start":{"line":34,"column":33},"end":{"line":34,"column":60}},"type":"binary-expr","locations":[{"start":{"line":34,"column":33},"end":{"line":34,"column":45}},{"start":{"line":34,"column":49},"end":{"line":34,"column":60}}],"line":34},"3":{"loc":{"start":{"line":35,"column":39},"end":{"line":35,"column":81}},"type":"binary-expr","locations":[{"start":{"line":35,"column":39},"end":{"line":35,"column":50}},{"start":{"line":35,"column":54},"end":{"line":35,"column":65}},{"start":{"line":35,"column":69},"end":{"line":35,"column":81}}],"line":35},"4":{"loc":{"start":{"line":37,"column":4},"end":{"line":44,"column":5}},"type":"if","locations":[{"start":{"line":37,"column":4},"end":{"line":44,"column":5}},{"start":{"line":37,"column":4},"end":{"line":44,"column":5}}],"line":37},"5":{"loc":{"start":{"line":37,"column":8},"end":{"line":37,"column":81}},"type":"binary-expr","locations":[{"start":{"line":37,"column":8},"end":{"line":37,"column":36}},{"start":{"line":37,"column":40},"end":{"line":37,"column":81}}],"line":37},"6":{"loc":{"start":{"line":56,"column":6},"end":{"line":60,"column":7}},"type":"if","locations":[{"start":{"line":56,"column":6},"end":{"line":60,"column":7}},{"start":{"line":56,"column":6},"end":{"line":60,"column":7}}],"line":56},"7":{"loc":{"start":{"line":57,"column":25},"end":{"line":59,"column":18}},"type":"cond-expr","locations":[{"start":{"line":58,"column":10},"end":{"line":58,"column":18}},{"start":{"line":59,"column":10},"end":{"line":59,"column":18}}],"line":57},"8":{"loc":{"start":{"line":57,"column":26},"end":{"line":57,"column":83}},"type":"binary-expr","locations":[{"start":{"line":57,"column":26},"end":{"line":57,"column":41}},{"start":{"line":57,"column":45},"end":{"line":57,"column":62}},{"start":{"line":57,"column":66},"end":{"line":57,"column":83}}],"line":57},"9":{"loc":{"start":{"line":63,"column":21},"end":{"line":63,"column":70}},"type":"binary-expr","locations":[{"start":{"line":63,"column":21},"end":{"line":63,"column":55}},{"start":{"line":63,"column":59},"end":{"line":63,"column":70}}],"line":63},"10":{"loc":{"start":{"line":67,"column":16},"end":{"line":67,"column":36}},"type":"default-arg","locations":[{"start":{"line":67,"column":24},"end":{"line":67,"column":36}}],"line":67},"11":{"loc":{"start":{"line":68,"column":2},"end":{"line":79,"column":3}},"type":"switch","locations":[{"start":{"line":69,"column":4},"end":{"line":72,"column":38}},{"start":{"line":73,"column":4},"end":{"line":76,"column":8}},{"start":{"line":77,"column":4},"end":{"line":78,"column":18}}],"line":68},"12":{"loc":{"start":{"line":70,"column":13},"end":{"line":72,"column":38}},"type":"cond-expr","locations":[{"start":{"line":71,"column":8},"end":{"line":71,"column":19}},{"start":{"line":72,"column":8},"end":{"line":72,"column":38}}],"line":70}},"s":{"0":4,"1":4,"2":4,"3":3,"4":4,"5":2,"6":4,"7":2,"8":2,"9":2,"10":1,"11":1,"12":4,"13":4,"14":5,"15":1,"16":4,"17":4,"18":4,"19":4,"20":87,"21":4,"22":30,"23":4,"24":27,"25":4,"26":30,"27":3,"28":3,"29":3,"30":3,"31":27,"32":4,"33":4,"34":4,"35":1,"36":1,"37":1,"38":1,"39":1,"40":1,"41":1,"42":1,"43":1,"44":12,"45":1,"46":1,"47":10},"f":{"0":3,"1":2,"2":2,"3":2,"4":5,"5":87,"6":30,"7":27,"8":1,"9":1,"10":1,"11":1,"12":12},"b":{"0":[1,4],"1":[87,84],"2":[30,27],"3":[27,3,0],"4":[3,27],"5":[30,27],"6":[1,0],"7":[1,0],"8":[1,1,1],"9":[1,1],"10":[11],"11":[1,1,10],"12":[1,0]},"_coverageSchema":"332fd63041d2c1bcb487cc26dd0d5f7d97098a6c","hash":"22d05ef00a99ed213d2df54e88e9b5b0b0bbe93f"}
}
