TN:
SF:C:\Users\camden.ko\Desktop\code\CallCenter-UI-React\setupTests.js
FNF:0
FNH:0
DA:1,13
DA:2,13
DA:4,13
LF:3
LH:3
BRF:0
BRH:0
end_of_record
TN:
SF:C:\Users\camden.ko\Desktop\code\CallCenter-UI-React\client\environment.js
FNF:0
FNH:0
DA:1,6
LF:1
LH:1
BRDA:4,0,0,1
BRDA:4,0,1,5
BRF:2
BRH:2
end_of_record
TN:
SF:C:\Users\camden.ko\Desktop\code\CallCenter-UI-React\client\components\Atoms\index.js
FNF:0
FNH:0
LF:0
LH:0
BRF:0
BRH:0
end_of_record
TN:
SF:C:\Users\camden.ko\Desktop\code\CallCenter-UI-React\client\components\Atoms\CallWindow\CallWindow.js
FN:7,(anonymous_0)
FN:11,(anonymous_1)
FN:12,(anonymous_2)
FN:17,(anonymous_3)
FN:31,(anonymous_4)
FNF:5
FNH:3
FNDA:1,(anonymous_0)
FNDA:1,(anonymous_1)
FNDA:0,(anonymous_2)
FNDA:1,(anonymous_3)
FNDA:0,(anonymous_4)
DA:8,1
DA:9,1
DA:12,1
DA:13,0
DA:18,1
DA:30,3
DA:31,3
DA:33,0
LF:8
LH:6
BRF:0
BRH:0
end_of_record
TN:
SF:C:\Users\camden.ko\Desktop\code\CallCenter-UI-React\client\components\Atoms\General\index.js
FNF:0
FNH:0
LF:0
LH:0
BRF:0
BRH:0
end_of_record
TN:
SF:C:\Users\camden.ko\Desktop\code\CallCenter-UI-React\client\components\Atoms\General\ActionButton\ActionButton.js
FN:4,(anonymous_0)
FN:5,(anonymous_1)
FN:6,(anonymous_2)
FN:12,(anonymous_3)
FNF:4
FNH:4
FNDA:1,(anonymous_0)
FNDA:1,(anonymous_1)
FNDA:1,(anonymous_2)
FNDA:1,(anonymous_3)
DA:4,1
DA:5,1
DA:6,1
DA:12,1
LF:4
LH:4
BRF:0
BRH:0
end_of_record
TN:
SF:C:\Users\camden.ko\Desktop\code\CallCenter-UI-React\client\components\Atoms\General\CardBackground\CardBackground.js
FNF:0
FNH:0
LF:0
LH:0
BRF:0
BRH:0
end_of_record
TN:
SF:C:\Users\camden.ko\Desktop\code\CallCenter-UI-React\client\components\Atoms\General\Line\Line.js
FN:6,(anonymous_0)
FNF:1
FNH:1
FNDA:1,(anonymous_0)
DA:6,1
LF:1
LH:1
BRF:0
BRH:0
end_of_record
TN:
SF:C:\Users\camden.ko\Desktop\code\CallCenter-UI-React\client\components\Atoms\Typography\index.js
FNF:0
FNH:0
LF:0
LH:0
BRF:0
BRH:0
end_of_record
TN:
SF:C:\Users\camden.ko\Desktop\code\CallCenter-UI-React\client\components\Atoms\Typography\CardBody\CardBody.js
FNF:0
FNH:0
LF:0
LH:0
BRF:0
BRH:0
end_of_record
TN:
SF:C:\Users\camden.ko\Desktop\code\CallCenter-UI-React\client\components\Atoms\Typography\CardBodyBold\CardBodyBold.js
FNF:0
FNH:0
LF:0
LH:0
BRF:0
BRH:0
end_of_record
TN:
SF:C:\Users\camden.ko\Desktop\code\CallCenter-UI-React\client\components\Atoms\Typography\CardHeader\CardHeader.js
FN:9,(anonymous_0)
FNF:1
FNH:1
FNDA:1,(anonymous_0)
DA:9,1
LF:1
LH:1
BRF:0
BRH:0
end_of_record
TN:
SF:C:\Users\camden.ko\Desktop\code\CallCenter-UI-React\client\components\Atoms\Typography\NavHeader\NavHeader.js
FN:4,(anonymous_0)
FNF:1
FNH:1
FNDA:1,(anonymous_0)
DA:4,1
LF:1
LH:1
BRF:0
BRH:0
end_of_record
TN:
SF:C:\Users\camden.ko\Desktop\code\CallCenter-UI-React\client\components\Atoms\Typography\NavOption\NavOption.js
FN:5,(anonymous_0)
FN:11,(anonymous_1)
FN:16,(anonymous_2)
FN:20,(anonymous_3)
FN:23,(anonymous_4)
FNF:5
FNH:4
FNDA:1,(anonymous_0)
FNDA:1,(anonymous_1)
FNDA:1,(anonymous_2)
FNDA:1,(anonymous_3)
FNDA:0,(anonymous_4)
DA:4,3
DA:5,1
DA:11,1
DA:16,1
DA:21,1
DA:23,0
DA:26,1
LF:7
LH:6
BRDA:21,0,0,0
BRDA:21,0,1,1
BRF:2
BRH:1
end_of_record
TN:
SF:C:\Users\camden.ko\Desktop\code\CallCenter-UI-React\client\components\Molecules\index.js
FNF:0
FNH:0
LF:0
LH:0
BRF:0
BRH:0
end_of_record
TN:
SF:C:\Users\camden.ko\Desktop\code\CallCenter-UI-React\client\components\Molecules\Cards\index.js
FNF:0
FNH:0
LF:0
LH:0
BRF:0
BRH:0
end_of_record
TN:
SF:C:\Users\camden.ko\Desktop\code\CallCenter-UI-React\client\components\Molecules\Cards\CardRow\CardRow.js
FN:16,(anonymous_0)
FNF:1
FNH:1
FNDA:6,(anonymous_0)
DA:9,2
DA:17,6
LF:2
LH:2
BRF:0
BRH:0
end_of_record
TN:
SF:C:\Users\camden.ko\Desktop\code\CallCenter-UI-React\client\components\Molecules\Cards\CardRowCollection\CardRowCollection.js
FN:15,(anonymous_0)
FN:18,(anonymous_1)
FNF:2
FNH:2
FNDA:1,(anonymous_0)
FNDA:4,(anonymous_1)
DA:8,1
DA:16,1
DA:19,4
LF:3
LH:3
BRF:0
BRH:0
end_of_record
TN:
SF:C:\Users\camden.ko\Desktop\code\CallCenter-UI-React\client\components\Molecules\Cards\OrderInformation\OrderInformation.js
FN:17,(anonymous_0)
FN:21,(anonymous_1)
FNF:2
FNH:0
FNDA:0,(anonymous_0)
FNDA:0,(anonymous_1)
DA:12,1
DA:16,1
DA:17,0
DA:22,0
LF:4
LH:2
BRF:0
BRH:0
end_of_record
TN:
SF:C:\Users\camden.ko\Desktop\code\CallCenter-UI-React\client\components\Molecules\NavBar\index.js
FNF:0
FNH:0
LF:0
LH:0
BRF:0
BRH:0
end_of_record
TN:
SF:C:\Users\camden.ko\Desktop\code\CallCenter-UI-React\client\components\Molecules\NavBar\NavBarOptions\NavBarOptions.js
FN:20,(anonymous_0)
FN:22,(anonymous_1)
FN:26,(anonymous_2)
FN:35,(anonymous_3)
FNF:4
FNH:0
FNDA:0,(anonymous_0)
FNDA:0,(anonymous_1)
FNDA:0,(anonymous_2)
FNDA:0,(anonymous_3)
DA:11,1
DA:19,1
DA:20,0
DA:22,0
DA:27,0
DA:36,0
LF:6
LH:2
BRDA:35,0,0,0
BRDA:35,0,1,0
BRDA:42,1,0,0
BRDA:42,1,1,0
BRF:4
BRH:0
end_of_record
TN:
SF:C:\Users\camden.ko\Desktop\code\CallCenter-UI-React\client\store\index.js
FN:18,(anonymous_0)
FNF:1
FNH:0
FNDA:0,(anonymous_0)
DA:11,3
DA:15,3
DA:17,3
DA:18,0
DA:19,0
LF:5
LH:3
BRDA:17,0,0,0
BRDA:17,0,1,3
BRF:2
BRH:1
end_of_record
TN:
SF:C:\Users\camden.ko\Desktop\code\CallCenter-UI-React\client\store\reducers\call.js
FN:8,(anonymous_0)
FN:9,(anonymous_1)
FN:14,(anonymous_2)
FN:15,(anonymous_3)
FN:24,(anonymous_4)
FNF:5
FNH:3
FNDA:1,(anonymous_0)
FNDA:1,(anonymous_1)
FNDA:1,(anonymous_2)
FNDA:0,(anonymous_3)
FNDA:0,(anonymous_4)
DA:8,4
DA:9,1
DA:10,1
DA:11,1
DA:14,4
DA:15,1
DA:16,0
DA:24,0
DA:25,0
LF:9
LH:6
BRF:0
BRH:0
end_of_record
TN:
SF:C:\Users\camden.ko\Desktop\code\CallCenter-UI-React\client\store\reducers\index.js
FNF:0
FNH:0
LF:0
LH:0
BRF:0
BRH:0
end_of_record
TN:
SF:C:\Users\camden.ko\Desktop\code\CallCenter-UI-React\client\store\reducers\user.js
FN:7,(anonymous_0)
FN:8,(anonymous_1)
FN:10,(anonymous_2)
FN:11,(anonymous_3)
FN:26,(anonymous_4)
FN:33,(anonymous_5)
FN:34,(anonymous_6)
FN:35,(anonymous_7)
FN:50,(anonymous_8)
FN:53,(anonymous_9)
FN:63,(anonymous_10)
FN:64,(anonymous_11)
FN:67,(anonymous_12)
FNF:13
FNH:13
FNDA:3,(anonymous_0)
FNDA:2,(anonymous_1)
FNDA:2,(anonymous_2)
FNDA:2,(anonymous_3)
FNDA:5,(anonymous_4)
FNDA:87,(anonymous_5)
FNDA:30,(anonymous_6)
FNDA:27,(anonymous_7)
FNDA:1,(anonymous_8)
FNDA:1,(anonymous_9)
FNDA:1,(anonymous_10)
FNDA:1,(anonymous_11)
FNDA:12,(anonymous_12)
DA:4,4
DA:5,4
DA:7,4
DA:8,4
DA:10,4
DA:11,2
DA:12,2
DA:13,2
DA:14,1
DA:16,1
DA:20,4
DA:26,4
DA:27,5
DA:28,1
DA:30,4
DA:31,4
DA:32,4
DA:33,87
DA:34,30
DA:35,27
DA:36,4
DA:37,30
DA:38,3
DA:39,3
DA:40,3
DA:41,3
DA:43,27
DA:46,4
DA:47,4
DA:50,4
DA:51,1
DA:52,1
DA:54,1
DA:55,1
DA:56,1
DA:57,1
DA:61,1
DA:63,1
DA:64,1
DA:68,12
DA:70,1
DA:74,1
DA:78,10
LF:43
LH:43
BRDA:27,0,0,1
BRDA:27,0,1,4
BRDA:33,1,0,87
BRDA:33,1,1,84
BRDA:34,2,0,30
BRDA:34,2,1,27
BRDA:35,3,0,27
BRDA:35,3,1,3
BRDA:35,3,2,0
BRDA:37,4,0,3
BRDA:37,4,1,27
BRDA:37,5,0,30
BRDA:37,5,1,27
BRDA:56,6,0,1
BRDA:56,6,1,0
BRDA:57,7,0,1
BRDA:57,7,1,0
BRDA:57,8,0,1
BRDA:57,8,1,1
BRDA:57,8,2,1
BRDA:63,9,0,1
BRDA:63,9,1,1
BRDA:67,10,0,11
BRDA:68,11,0,1
BRDA:68,11,1,1
BRDA:68,11,2,10
BRDA:70,12,0,1
BRDA:70,12,1,0
BRF:28
BRH:24
end_of_record
